1763981026: mosquitto version 2.0.22 starting
1763981026: Config loaded from /mosquitto/config/mosquitto.conf.
1763981026: Opening ipv4 listen socket on port 1883.
1763981026: mosquitto version 2.0.22 running
1763981031: mosquitto version 2.0.22 terminating
1763981031: Saving in-memory database to /mosquitto/data//mosquitto.db.
1763981072: mosquitto version 2.0.22 starting
1763981072: Config loaded from /mosquitto/config/mosquitto.conf.
1763981072: Opening ipv4 listen socket on port 1883.
1763981072: mosquitto version 2.0.22 running
1763981082: mosquitto version 2.0.22 terminating
1763981082: Saving in-memory database to /mosquitto/data//mosquitto.db.
1763981160: mosquitto version 2.0.22 starting
1763981160: Config loaded from /mosquitto/config/mosquitto.conf.
1763981160: Opening ipv4 listen socket on port 1883.
1763981160: mosquitto version 2.0.22 running
1763981277: New connection from 192.168.65.1:36916 on port 1883.
1763981277: New client connected from 192.168.65.1:36916 as auto-7F3C58C3-1D5F-4A0A-D9A4-CA486EDF47E7 (p2, c1, k60).
1763981322: New connection from 192.168.65.1:16674 on port 1883.
1763981322: New client connected from 192.168.65.1:16674 as auto-07DB5AD2-8935-D945-95BE-44DFDCF3B051 (p2, c1, k60).
1763981322: Client auto-07DB5AD2-8935-D945-95BE-44DFDCF3B051 disconnected.
1763981327: Client auto-7F3C58C3-1D5F-4A0A-D9A4-CA486EDF47E7 disconnected.
1763981464: mosquitto version 2.0.22 terminating
1763981464: Saving in-memory database to /mosquitto/data//mosquitto.db.
